2017-07-13 13:57:56.5908 [DEBUG] Authenticating with server...
2017-07-13 13:57:56.6814 [DEBUG] Connected to room. (33787:SceneFusion:SceneFusion)
2017-07-13 13:57:56.6964 [INFO] Connected to server.
2017-07-13 13:57:56.6969 [DEBUG] OS : Microsoft Windows NT 10.0.15063.0
2017-07-13 13:57:56.6969 [DEBUG] Unity Version : 5.6.1f1
2017-07-13 13:57:56.6969 [DEBUG] Pro License : False
2017-07-13 13:57:56.6969 [DEBUG] Platform : WindowsEditor
2017-07-13 13:57:56.6969 [DEBUG] Build Target : StandaloneWindows
2017-07-13 13:57:56.6974 [DEBUG] Scene Fusion version : 1.5.2
2017-07-13 13:57:56.6979 [DEBUG] User : 
2017-07-13 13:57:56.7915 [DEBUG] Tier: Mock, Permissions: FFFFFFFF
2017-07-13 13:57:56.7915 [DEBUG] User Permissions: FFFFFFFF
2017-07-13 13:58:07.0808 [DEBUG] No stand-in for UnityEngine.AI.NavMeshData
2017-07-13 13:58:07.0808 [DEBUG] No stand-in for UnityEngine.AvatarMask
2017-07-13 13:58:07.0808 [DEBUG] No stand-in for UnityEngine.Video.VideoClip
2017-07-13 13:58:07.2743 [DEBUG] Uploading scene 'FusionTime'
2017-07-13 13:58:07.5606 [WARNING] Cannot sync '' (Texture3D) because it is not in Unity's asset database.
2017-07-13 13:58:10.5384 [WARNING] Cannot sync '' (Texture3D) because it is not in Unity's asset database.
2017-07-13 13:58:10.5699 [WARNING] Cannot sync '' (vp_ImpactEvent) because it is not in Unity's asset database.
2017-07-13 13:58:10.5774 [WARNING] Cannot sync '' (vp_SurfaceType) because it is not in Unity's asset database.
2017-07-13 13:58:13.5447 [DEBUG] Spawn request. (Objects: 2919)
2017-07-13 13:58:13.8609 [DEBUG] Entity RPC. (Id: 1, Size: 786540, Reporting Threshold: 10000)
2017-07-13 14:02:46.3891 [DEBUG] Disconnecting from room (33787:SceneFusion:SceneFusion)
2017-07-13 14:02:46.3961 [INFO] Disconnected from server.
2017-07-13 14:02:46.3961 [DEBUG] Disconnect. (Duration: 289)
