2017-07-13 13:42:06.0838 [DEBUG] Authenticating with server...
2017-07-13 13:42:06.1559 [DEBUG] Connected to room. (33785:SceneFusion:SceneFusion)
2017-07-13 13:42:06.1629 [INFO] Connected to server.
2017-07-13 13:42:06.1634 [DEBUG] OS : Microsoft Windows NT 10.0.15063.0
2017-07-13 13:42:06.1634 [DEBUG] Unity Version : 5.6.1f1
2017-07-13 13:42:06.1634 [DEBUG] Pro License : False
2017-07-13 13:42:06.1634 [DEBUG] Platform : WindowsEditor
2017-07-13 13:42:06.1634 [DEBUG] Build Target : StandaloneWindows
2017-07-13 13:42:06.1634 [DEBUG] Scene Fusion version : 1.5.2
2017-07-13 13:42:06.1639 [DEBUG] User : 
2017-07-13 13:42:08.6019 [DEBUG] Tier: Mock, Permissions: FFFFFFFF
2017-07-13 13:42:08.6019 [DEBUG] User Permissions: FFFFFFFF
2017-07-13 13:42:08.6034 [DEBUG] No stand-in for UnityEngine.AI.NavMeshData
2017-07-13 13:42:08.6034 [DEBUG] No stand-in for UnityEngine.AvatarMask
2017-07-13 13:42:08.6039 [DEBUG] No stand-in for UnityEngine.Video.VideoClip
2017-07-13 13:42:19.7200 [ERROR] NullReferenceException: Object reference not set to an instance of an object
PlayerTeleportation.OnDrawGizmos () (at Assets/Scripts/PlayerTeleportation.cs:50)
UnityEditor.DockArea:OnGUI()

2017-07-13 13:45:33.1793 [DEBUG] Spawn request. (Objects: 1)
2017-07-13 13:48:49.3918 [DEBUG] Disconnecting from room (33785:SceneFusion:SceneFusion)
2017-07-13 13:48:49.3963 [INFO] Disconnected from server.
2017-07-13 13:48:49.3963 [DEBUG] Disconnect. (Duration: 402)
