2017-07-13 15:30:04.5545 [DEBUG] Authenticating with server...
2017-07-13 15:30:04.6250 [DEBUG] Connected to room. (33793:SceneFusion:SceneFusion)
2017-07-13 15:30:04.6330 [INFO] Connected to server.
2017-07-13 15:30:04.6330 [DEBUG] OS : Microsoft Windows NT 10.0.15063.0
2017-07-13 15:30:04.6330 [DEBUG] Unity Version : 5.6.1f1
2017-07-13 15:30:04.6330 [DEBUG] Pro License : False
2017-07-13 15:30:04.6330 [DEBUG] Platform : WindowsEditor
2017-07-13 15:30:04.6335 [DEBUG] Build Target : StandaloneWindows
2017-07-13 15:30:04.6335 [DEBUG] Scene Fusion version : 1.5.2
2017-07-13 15:30:04.6335 [DEBUG] User : 
2017-07-13 15:30:06.9707 [DEBUG] Tier: Mock, Permissions: FFFFFFFF
2017-07-13 15:30:06.9707 [DEBUG] User Permissions: FFFFFFFF
2017-07-13 15:30:06.9727 [DEBUG] No stand-in for UnityEngine.AI.NavMeshData
2017-07-13 15:30:06.9727 [DEBUG] No stand-in for UnityEngine.AvatarMask
2017-07-13 15:30:06.9727 [DEBUG] No stand-in for UnityEngine.Video.VideoClip
2017-07-13 15:30:19.3513 [ERROR] NullReferenceException: Object reference not set to an instance of an object
PlayerTeleportation.OnDrawGizmos () (at Assets/Scripts/PlayerTeleportation.cs:50)
UnityEditor.DockArea:OnGUI()

2017-07-13 15:31:36.6684 [DEBUG] Disconnecting from room (33793:SceneFusion:SceneFusion)
2017-07-13 15:31:36.6729 [INFO] Disconnected from server.
2017-07-13 15:31:36.6734 [DEBUG] Disconnect. (Duration: 91)
