2017-07-13 15:22:25.3679 [DEBUG] Authenticating with server...
2017-07-13 15:22:25.4605 [DEBUG] Connected to room. (33791:SceneFusion:SceneFusion)
2017-07-13 15:22:25.4800 [INFO] Connected to server.
2017-07-13 15:22:25.4805 [DEBUG] OS : Microsoft Windows NT 10.0.15063.0
2017-07-13 15:22:25.4805 [DEBUG] Unity Version : 5.6.1f1
2017-07-13 15:22:25.4805 [DEBUG] Pro License : False
2017-07-13 15:22:25.4810 [DEBUG] Platform : WindowsEditor
2017-07-13 15:22:25.4810 [DEBUG] Build Target : StandaloneWindows
2017-07-13 15:22:25.4810 [DEBUG] Scene Fusion version : 1.5.2
2017-07-13 15:22:25.4815 [DEBUG] User : 
2017-07-13 15:22:25.5295 [DEBUG] Tier: Mock, Permissions: FFFFFFFF
2017-07-13 15:22:25.5300 [DEBUG] User Permissions: FFFFFFFF
2017-07-13 15:22:26.5137 [DEBUG] No stand-in for UnityEngine.AI.NavMeshData
2017-07-13 15:22:26.5142 [DEBUG] No stand-in for UnityEngine.AvatarMask
2017-07-13 15:22:26.5142 [DEBUG] No stand-in for UnityEngine.Video.VideoClip
2017-07-13 15:22:26.7230 [DEBUG] Uploading scene 'FusionTime'
2017-07-13 15:22:28.6101 [WARNING] Cannot sync '' (Texture3D) because it is not in Unity's asset database.
2017-07-13 15:22:40.3503 [WARNING] Cannot sync '' (Texture3D) because it is not in Unity's asset database.
2017-07-13 15:22:40.9404 [WARNING] Cannot sync '' (vp_ImpactEvent) because it is not in Unity's asset database.
2017-07-13 15:22:40.9805 [WARNING] Cannot sync '' (vp_SurfaceType) because it is not in Unity's asset database.
2017-07-13 15:22:51.7526 [DEBUG] Spawn request. (Objects: 2993)
2017-07-13 15:22:51.9733 [DEBUG] Entity RPC. (Id: 1, Size: 796230, Reporting Threshold: 10000)
2017-07-13 15:28:26.9225 [DEBUG] Disconnecting from room (33791:SceneFusion:SceneFusion)
2017-07-13 15:28:26.9280 [INFO] Disconnected from server.
2017-07-13 15:28:26.9280 [DEBUG] Disconnect. (Duration: 361)
