2017-07-13 14:02:59.3139 [DEBUG] Authenticating with server...
2017-07-13 14:02:59.3960 [DEBUG] Connected to room. (33788:SceneFusion:SceneFusion)
2017-07-13 14:02:59.4075 [INFO] Connected to server.
2017-07-13 14:02:59.4075 [DEBUG] OS : Microsoft Windows NT 10.0.15063.0
2017-07-13 14:02:59.4075 [DEBUG] Unity Version : 5.6.1f1
2017-07-13 14:02:59.4075 [DEBUG] Pro License : False
2017-07-13 14:02:59.4080 [DEBUG] Platform : WindowsEditor
2017-07-13 14:02:59.4080 [DEBUG] Build Target : StandaloneWindows
2017-07-13 14:02:59.4080 [DEBUG] Scene Fusion version : 1.5.2
2017-07-13 14:02:59.4080 [DEBUG] User : 
2017-07-13 14:03:03.1025 [DEBUG] Tier: Mock, Permissions: FFFFFFFF
2017-07-13 14:03:03.1025 [DEBUG] User Permissions: FFFFFFFF
2017-07-13 14:03:03.1045 [DEBUG] No stand-in for UnityEngine.AI.NavMeshData
2017-07-13 14:03:03.1045 [DEBUG] No stand-in for UnityEngine.AvatarMask
2017-07-13 14:03:03.1050 [DEBUG] No stand-in for UnityEngine.Video.VideoClip
2017-07-13 14:03:28.1284 [ERROR] NullReferenceException: Object reference not set to an instance of an object
PlayerTeleportation.OnDrawGizmos () (at Assets/Scripts/PlayerTeleportation.cs:50)
UnityEditor.DockArea:OnGUI()

2017-07-13 14:04:38.0844 [DEBUG] Disconnecting from room (33788:SceneFusion:SceneFusion)
2017-07-13 14:04:47.8136 [INFO] Disconnected from server.
2017-07-13 14:04:47.8136 [DEBUG] Disconnect. (Duration: 98)
