2017-08-10 17:15:38.2784 [DEBUG] Scene Fusion version 1.5.2
2017-08-10 17:17:26.9988 [DEBUG] Scene Fusion version 1.5.2
<<<<<<< HEAD
2017-08-10 18:34:51.4748 [DEBUG] Scene Fusion version 1.5.2
2017-08-10 18:34:51.6815 [DEBUG] Play mode: True, sync in play mode: False
2017-08-10 18:34:58.6725 [DEBUG] Play mode: False
2017-08-10 18:38:16.4209 [DEBUG] Scene Fusion version 1.5.2
2017-08-10 18:38:16.6011 [DEBUG] Play mode: True, sync in play mode: False
2017-08-10 18:38:23.9793 [DEBUG] Play mode: False
2017-08-10 18:43:12.2280 [DEBUG] Scene Fusion version 1.5.2
2017-08-10 18:43:18.8016 [DEBUG] Scene Fusion version 1.5.2
2017-08-10 18:43:18.9843 [DEBUG] Play mode: True, sync in play mode: False
2017-08-10 18:43:25.1755 [DEBUG] Play mode: False
2017-08-10 18:44:40.3167 [DEBUG] Scene Fusion version 1.5.2
=======
2017-08-10 18:28:39.9199 [DEBUG] Scene Fusion version 1.5.2
2017-08-10 18:32:38.3868 [DEBUG] Scene Fusion version 1.5.2
2017-08-10 18:32:38.4264 [DEBUG] Play mode: True, sync in play mode: False
2017-08-10 18:32:57.2066 [DEBUG] Play mode: False
2017-08-10 18:33:36.1412 [DEBUG] Scene Fusion version 1.5.2
2017-08-10 18:33:36.1758 [DEBUG] Play mode: True, sync in play mode: False
2017-08-10 18:33:43.0652 [DEBUG] Play mode: False
2017-08-10 18:34:20.4112 [DEBUG] Scene Fusion version 1.5.2
2017-08-10 18:34:20.4610 [DEBUG] Play mode: True, sync in play mode: False
2017-08-10 18:34:30.7080 [DEBUG] Play mode: False
2017-08-10 18:38:38.1654 [DEBUG] Scene Fusion version 1.5.2
2017-08-10 18:38:38.2130 [DEBUG] Play mode: True, sync in play mode: False
2017-08-10 18:39:04.3336 [DEBUG] Play mode: False
2017-08-10 18:39:06.4825 [DEBUG] Scene Fusion version 1.5.2
2017-08-10 18:39:06.5131 [DEBUG] Play mode: True, sync in play mode: False
2017-08-10 18:41:16.2549 [DEBUG] Play mode: False
>>>>>>> 8a16ff714e49da538279d5f88b67db21efd05e70
