2017-07-13 13:12:42.4667 [DEBUG] Connecting to room (33782:SceneFusion:SceneFusion) via TCP at console.kinematicsoup.com:1026
2017-07-13 13:29:46.4106 [DEBUG] Sent C:/Users/Dane/Documents/text/g/_ProjectFiles/_Versioned/Healthy Breakfast/KSEditorLogs/SessionLogs/session.33782-636355483624948082.log
2017-07-13 13:36:05.4650 [INFO] Launching Scene: _Main
2017-07-13 13:36:06.1189 [DEBUG] Connecting to room (33784:SceneFusion:SceneFusion) via TCP at console.kinematicsoup.com:1025
2017-07-13 13:41:01.1566 [DEBUG] Sent C:/Users/Dane/Documents/text/g/_ProjectFiles/_Versioned/Healthy Breakfast/KSEditorLogs/SessionLogs/session.33784-636355497661551340.log
2017-07-13 13:42:05.9327 [DEBUG] Connecting to room (33785:SceneFusion:SceneFusion) via TCP at console.kinematicsoup.com:1025
2017-07-13 13:48:49.9152 [DEBUG] Sent C:/Users/Dane/Documents/text/g/_ProjectFiles/_Versioned/Healthy Breakfast/KSEditorLogs/SessionLogs/session.33785-636355501259487971.log
2017-07-13 13:57:55.7453 [INFO] Launching Scene: FusionTime
2017-07-13 13:57:56.4257 [DEBUG] Connecting to room (33787:SceneFusion:SceneFusion) via TCP at console.kinematicsoup.com:1025
2017-07-13 14:02:46.4782 [DEBUG] Sent C:/Users/Dane/Documents/text/g/_ProjectFiles/_Versioned/Healthy Breakfast/KSEditorLogs/SessionLogs/session.33787-636355510764432843.log
2017-07-13 14:02:59.1593 [DEBUG] Connecting to room (33788:SceneFusion:SceneFusion) via TCP at console.kinematicsoup.com:1026
2017-07-13 14:04:48.6512 [DEBUG] Sent C:/Users/Dane/Documents/text/g/_ProjectFiles/_Versioned/Healthy Breakfast/KSEditorLogs/SessionLogs/session.33788-636355513791768581.log
2017-07-13 15:22:24.4204 [INFO] Launching Scene: FusionTime
2017-07-13 15:22:25.2138 [DEBUG] Connecting to room (33791:SceneFusion:SceneFusion) via TCP at console.kinematicsoup.com:1025
2017-07-13 15:28:27.0100 [DEBUG] Sent C:/Users/Dane/Documents/text/g/_ProjectFiles/_Versioned/Healthy Breakfast/KSEditorLogs/SessionLogs/session.33791-636355561452309511.log
2017-07-13 15:30:04.3960 [DEBUG] Connecting to room (33793:SceneFusion:SceneFusion) via TCP at console.kinematicsoup.com:1025
2017-07-13 15:31:37.3498 [DEBUG] Sent C:/Users/Dane/Documents/text/g/_ProjectFiles/_Versioned/Healthy Breakfast/KSEditorLogs/SessionLogs/session.33793-636355566044113964.log
2017-07-13 15:32:52.7568 [INFO] Launching Scene: FusionTime
2017-07-13 15:32:53.4101 [DEBUG] Connecting to room (33794:SceneFusion:SceneFusion) via TCP at console.kinematicsoup.com:1026
2017-07-13 15:47:07.2247 [DEBUG] Sent C:/Users/Dane/Documents/text/g/_ProjectFiles/_Versioned/Healthy Breakfast/KSEditorLogs/SessionLogs/session.33794-636355567734232286.log
2017-07-13 16:01:44.9431 [DEBUG] Connecting to room (33799:SceneFusion:SceneFusion) via TCP at console.kinematicsoup.com:1025
2017-07-13 16:01:56.2325 [DEBUG] Sent C:/Users/Dane/Documents/text/g/_ProjectFiles/_Versioned/Healthy Breakfast/KSEditorLogs/SessionLogs/session.33799-636355585050051691.log
2017-07-13 16:02:52.3582 [DEBUG] Connecting to room (33799:SceneFusion:SceneFusion) via TCP at console.kinematicsoup.com:1025
2017-07-13 16:03:00.7009 [DEBUG] Sent C:/Users/Dane/Documents/text/g/_ProjectFiles/_Versioned/Healthy Breakfast/KSEditorLogs/SessionLogs/session.33799-636355585723723010.log
2017-07-13 16:05:27.2214 [DEBUG] Connecting to room (33801:SceneFusion:SceneFusion) via TCP at console.kinematicsoup.com:1025
2017-07-13 16:05:38.4788 [DEBUG] Sent C:/Users/Dane/Documents/text/g/_ProjectFiles/_Versioned/Healthy Breakfast/KSEditorLogs/SessionLogs/session.33801-636355587272531086.log
2017-07-13 16:05:53.7339 [INFO] Launching Scene: FusionTime
2017-07-13 16:05:54.3782 [DEBUG] Connecting to room (33802:SceneFusion:SceneFusion) via TCP at console.kinematicsoup.com:1025
2017-07-13 23:07:07.7112 [DEBUG] Scene Fusion version 1.5.2
2017-07-13 23:07:11.1986 [DEBUG] Scene Fusion version 1.5.2
